<?xml version="1.0" encoding="UTF-8"?>
<!-- Generated by org.testng.reporters.JUnitReportReporter -->
<testsuite skipped="0" hostname="CHE7-L26333" name="mavenPackage.TestngTest" tests="1" failures="0" timestamp="20 Mar 2019 09:48:10 GMT" time="19.212" errors="0">
  <testcase name="testmethod" time="19.212" classname="mavenPackage.TestngTest"/>
</testsuite> <!-- mavenPackage.TestngTest -->
