<?xml version="1.0" encoding="UTF-8"?>
<!-- Generated by org.testng.reporters.JUnitReportReporter -->
<testsuite skipped="0" hostname="CHE7-L26333" name="mavenPackage.AppTest" tests="1" failures="0" timestamp="06 Feb 2019 10:54:06 GMT" time="0.005" errors="0">
  <testcase name="shouldAnswerWithTrue" time="0.005" classname="mavenPackage.AppTest"/>
</testsuite> <!-- mavenPackage.AppTest -->
